<?xml version="1.0" encoding="UTF-8"?>
<!-- Generated by org.testng.reporters.JUnitReportReporter -->
<testsuite hostname="LAPTOP-KCK80MQ9" failures="0" tests="1" name="com.qa.TestCase.HomePageTest" time="9.560" errors="0" timestamp="2024-01-06T23:04:20 EST" skipped="0">
  <testcase classname="com.qa.TestCase.HomePageTest" name="homepageLinksVerifaction" time="9.560"/>
</testsuite> <!-- com.qa.TestCase.HomePageTest -->
